<?xml version="1.0" encoding="UTF-8"?>
<testng-results ignored="0" total="1" passed="1" failed="0" skipped="0">
  <reporter-output>
  </reporter-output>
  <suite started-at="2019-04-25T04:25:53Z" name="nopCommerceSuite" finished-at="2019-04-25T04:26:28Z" duration-ms="35612">
    <groups>
    </groups>
    <test started-at="2019-04-25T04:25:53Z" name="chrometest" finished-at="2019-04-25T04:26:28Z" duration-ms="35612">
      <class name="com.nopCommerce.testcases.TC_AddCustomerTest_003">
        <test-method is-config="true" signature="setup(java.lang.String)[pri:0, instance:com.nopCommerce.testcases.TC_AddCustomerTest_003@71809907]" started-at="2019-04-25T04:25:53Z" name="setup" finished-at="2019-04-25T04:26:00Z" duration-ms="7193" status="PASS">
          <params>
            <param index="0">
              <value>
                <![CDATA[chrome]]>
              </value>
            </param>
          </params>
          <reporter-output>
          </reporter-output>
        </test-method> <!-- setup -->
        <test-method signature="addNewCustomer()[pri:0, instance:com.nopCommerce.testcases.TC_AddCustomerTest_003@71809907]" started-at="2019-04-25T04:26:00Z" name="addNewCustomer" finished-at="2019-04-25T04:26:26Z" duration-ms="25172" status="PASS">
          <reporter-output>
          </reporter-output>
        </test-method> <!-- addNewCustomer -->
        <test-method is-config="true" signature="tearDown()[pri:0, instance:com.nopCommerce.testcases.TC_AddCustomerTest_003@71809907]" started-at="2019-04-25T04:26:26Z" name="tearDown" finished-at="2019-04-25T04:26:28Z" duration-ms="2574" status="PASS">
          <reporter-output>
          </reporter-output>
        </test-method> <!-- tearDown -->
      </class> <!-- com.nopCommerce.testcases.TC_AddCustomerTest_003 -->
    </test> <!-- chrometest -->
  </suite> <!-- nopCommerceSuite -->
</testng-results>
